<?xml version="1.0" encoding="UTF-8"?>
<testsuite xmlns:xsi="http://www.w3.org/2001/XMLSchema-instance" xsi:noNamespaceSchemaLocation="https://maven.apache.org/surefire/maven-surefire-plugin/xsd/surefire-test-report.xsd" version="3.0.2" name="com.example.graduation_project.GraduationProjectApplicationTests" time="3.663" tests="1" errors="0" skipped="0" failures="0">
  <properties>
[...]
</properties>
  <testcase name="contextLoads" classname="com.example.graduation_project.GraduationProjectApplicationTests" time="0.373">
    <system-out><![CDATA[13:54:11.429 [main] INFO org.springframework.test.context.support.AnnotationConfigContextLoaderUtils -- Could not detect default configuration classes for test class [com.example.graduation_project.GraduationProjectApplicationTests]: GraduationProjectApplicationTests does not declare any static, non-private, non-final, nested classes annotated with @Configuration.
13:54:11.510 [main] INFO org.springframework.boot.test.context.SpringBootTestContextBootstrapper -- Found @SpringBootConfiguration com.example.graduation_project.GraduationProjectApplication for test class com.example.graduation_project.GraduationProjectApplicationTests

  .   ____          _            __ _ _
 /\\ / ___'_ __ _ _(_)_ __  __ _ \ \ \ \
( ( )\___ | '_ | '_| | '_ \/ _` | \ \ \ \
 \\/  ___)| |_)| | | | | || (_| |  ) ) ) )
  '  |____| .__|_| |_|_| |_\__, | / / / /
 =========|_|==============|___/=/_/_/_/

 :: Spring Boot ::                (v3.4.3)

2025-03-22T13:54:11.801+08:00  INFO 16144 --- [           main] c.e.g.GraduationProjectApplicationTests  : Starting GraduationProjectApplicationTests using Java 18.0.1.1 with PID 16144 (started by 磊 in E:\program\graduation_project)
2025-03-22T13:54:11.802+08:00  INFO 16144 --- [           main] c.e.g.GraduationProjectApplicationTests  : No active profile set, falling back to 1 default profile: "default"
2025-03-22T13:54:12.244+08:00  INFO 16144 --- [           main] .s.d.r.c.RepositoryConfigurationDelegate : Bootstrapping Spring Data JPA repositories in DEFAULT mode.
2025-03-22T13:54:12.290+08:00  INFO 16144 --- [           main] .s.d.r.c.RepositoryConfigurationDelegate : Finished Spring Data repository scanning in 39 ms. Found 1 JPA repository interface.
2025-03-22T13:54:12.631+08:00  INFO 16144 --- [           main] o.hibernate.jpa.internal.util.LogHelper  : HHH000204: Processing PersistenceUnitInfo [name: default]
2025-03-22T13:54:12.672+08:00  INFO 16144 --- [           main] org.hibernate.Version                    : HHH000412: Hibernate ORM core version 6.6.8.Final
2025-03-22T13:54:12.700+08:00  INFO 16144 --- [           main] o.h.c.internal.RegionFactoryInitiator    : HHH000026: Second-level cache disabled
2025-03-22T13:54:13.029+08:00  INFO 16144 --- [           main] o.s.o.j.p.SpringPersistenceUnitInfo      : No LoadTimeWeaver setup: ignoring JPA class transformer
2025-03-22T13:54:13.060+08:00  INFO 16144 --- [           main] com.zaxxer.hikari.HikariDataSource       : HikariPool-1 - Starting...
2025-03-22T13:54:13.343+08:00  INFO 16144 --- [           main] com.zaxxer.hikari.pool.HikariPool        : HikariPool-1 - Added connection com.mysql.cj.jdbc.ConnectionImpl@6abb7b7d
2025-03-22T13:54:13.345+08:00  INFO 16144 --- [           main] com.zaxxer.hikari.HikariDataSource       : HikariPool-1 - Start completed.
2025-03-22T13:54:13.414+08:00  INFO 16144 --- [           main] org.hibernate.orm.connections.pooling    : HHH10001005: Database info:
	Database JDBC URL [Connecting through datasource 'HikariDataSource (HikariPool-1)']
	Database driver: undefined/unknown
	Database version: 8.0.35
	Autocommit mode: undefined/unknown
	Isolation level: undefined/unknown
	Minimum pool size: undefined/unknown
	Maximum pool size: undefined/unknown
2025-03-22T13:54:13.993+08:00  INFO 16144 --- [           main] o.h.e.t.j.p.i.JtaPlatformInitiator       : HHH000489: No JTA platform available (set 'hibernate.transaction.jta.platform' to enable JTA platform integration)
2025-03-22T13:54:14.035+08:00  INFO 16144 --- [           main] j.LocalContainerEntityManagerFactoryBean : Initialized JPA EntityManagerFactory for persistence unit 'default'
2025-03-22T13:54:14.317+08:00  WARN 16144 --- [           main] JpaBaseConfiguration$JpaWebConfiguration : spring.jpa.open-in-view is enabled by default. Therefore, database queries may be performed during view rendering. Explicitly configure spring.jpa.open-in-view to disable this warning
2025-03-22T13:54:14.589+08:00  INFO 16144 --- [           main] c.e.g.GraduationProjectApplicationTests  : Started GraduationProjectApplicationTests in 2.978 seconds (process running for 3.639)
]]></system-out>
  </testcase>
</testsuite>